npm verbose cli /usr/local/bin/node /usr/local/bin/npm
npm info using npm@10.9.2
npm info using node@v22.13.1
npm silly config load:file:/usr/local/lib/node_modules/npm/npmrc
npm silly config load:file:/workspace/.npmrc
npm silly config load:file:/home/node/.npmrc
npm silly config load:file:/usr/local/etc/npmrc
npm verbose title npm publish
npm verbose argv "publish" "--access" "public" "--loglevel" "silly"
npm verbose logfile logs-max:10 dir:/home/node/.npm/_logs/2025-09-30T09_32_55_960Z-
npm verbose logfile /home/node/.npm/_logs/2025-09-30T09_32_55_960Z-debug-0.log
npm silly logfile start cleaning logs, removing 1 files
npm verbose publish [ '.' ]
npm silly logfile done cleaning log files
npm silly packumentCache heap:2197815296 maxSize:549453824 maxEntrySize:274726912
npm verbose shrinkwrap failed to load node_modules/.package-lock.json out of date, updated: node_modules
npm warn publish npm auto-corrected some errors in your package.json when publishing.  Please run "npm pkg fix" to address these errors.
npm warn publish errors corrected:
npm warn publish "repository.url" was normalized to "git+ssh://git@github.com/alfateam/orange-orm.git"
npm notice
npm notice 📦  @lroal/orange-orm@4.7.15-beta.0
npm notice Tarball Contents
npm notice 237B .env
npm notice 1.3kB .eslintrc.js
npm notice 1.9kB CONTRIBUTING.md
npm notice 749B LICENSE
npm notice 74.7kB README.md
npm notice 284B SECURITY.md
npm notice 3.7kB bin/build.js
npm notice 714B bin/compile.js
npm notice 75B bin/rdb.js
npm notice 395.1kB dist/index.browser.mjs
npm notice 542.1kB dist/index.mjs
npm notice 22.5kB docs/changelog.md
npm notice 665B docs/CODE_OF_CONDUCT.md
npm notice 900.6kB docs/diagram.svg
npm notice 78.5kB docs/docs.md
npm notice 4.2kB docs/orange.svg
npm notice 5.3kB package.json
npm notice 1.5kB src/ajv.d.ts
npm notice 3.0kB src/applyPatch.js
npm notice 91B src/bunPg/formatJSONIn.js
npm notice 3.3kB src/bunPg/newDatabase.js
npm notice 487B src/bunPg/newPool.js
npm notice 2.2kB src/bunPg/newTransaction.js
npm notice 213B src/bunPg/pool/end.js
npm notice 2.0kB src/bunPg/pool/newPgPool.js
npm notice 4.4kB src/bunPg/wrapQuery.js
npm notice 2.7kB src/bunSqlite/newDatabase.js
npm notice 510B src/bunSqlite/newPool.js
npm notice 2.4kB src/bunSqlite/newTransaction.js
npm notice 1.4kB src/bunSqlite/pool/newGenericPool.js
npm notice 456B src/bunSqlite/wrapQuery.js
npm notice 1.2kB src/client/axiosInterceptor.js
npm notice 2.0kB src/client/clientMap.js
npm notice 1.1kB src/client/cloneFromDb.js
npm notice 3.5kB src/client/createPatch.js
npm notice 2.9kB src/client/createProviders.js
npm notice 28.7kB src/client/index.js
npm notice 2.6kB src/client/map.js
npm notice 2.8kB src/client/netAdapter.js
npm notice 115B src/client/self.js
npm notice 307B src/client/stringify.js
npm notice 681B src/client/toKeyPositionMap.js
npm notice 136B src/createDomain.js
npm notice 2.8kB src/d1/newDatabase.js
npm notice 490B src/d1/newPool.js
npm notice 2.2kB src/d1/newTransaction.js
npm notice 228B src/d1/pool/end.js
npm notice 1.0kB src/d1/pool/newGenericPool.js
npm notice 451B src/d1/wrapQuery.js
npm notice 668B src/d1test.js
npm notice 592B src/dateToISOString.js
npm notice 893B src/emitEvent.js
npm notice 966B src/emptyFilter.js
npm notice 81B src/flags.js
npm notice 283B src/format.js
npm notice 547B src/fromCompareObject.js
npm notice 15.4kB src/generic-pool.js
npm notice 9.1kB src/getManyDto.js
npm notice 775B src/getManyDto/newQuery.js
npm notice 898B src/getManyDto/query/newSingleQuery.js
npm notice 16.7kB src/getTSDefinition.js
npm notice 3.6kB src/hostExpress.js
npm notice 6.4kB src/hostExpress/cycle.ts
npm notice 13.5kB src/hostExpress/executePath.js
npm notice 1.1kB src/hostExpress/getMeta.js
npm notice 2.7kB src/hostLocal.js
npm notice 10.9kB src/index.d.ts
npm notice 3.7kB src/index.js
npm notice 1.4kB src/indexBrowser.js
npm notice 121B src/jsconfig.json
npm notice 591B src/lock.js
npm notice 746B src/lock/toIntKey.js
npm notice 32.4kB src/map.d.ts
npm notice 41.6kB src/map2.d.ts
npm notice 268B src/merge-browser.js
npm notice 252B src/merge-server.js
npm notice 174B src/mssql/encodeBuffer.js
npm notice 105B src/mssql/formatBigintIn.js
npm notice 2.7kB src/mssql/newDatabase.js
npm notice 494B src/mssql/newPool.js
npm notice 2.6kB src/mssql/newTransaction.js
npm notice 228B src/mssql/pool/end.js
npm notice 1.6kB src/mssql/pool/newGenericPool.js
npm notice 3.9kB src/mssql/wrapQuery.js
npm notice 324B src/mySql/deleteFromSql.js
npm notice 99B src/mySql/encodeBoolean.js
npm notice 260B src/mySql/formatBigintOut.js
npm notice 826B src/mySql/insert.js
npm notice 2.3kB src/mySql/insertSql.js
npm notice 370B src/mySql/lastInsertedSql.js
npm notice 336B src/mySql/limitAndOffset.js
npm notice 2.7kB src/mySql/newDatabase.js
npm notice 502B src/mySql/newPool.js
npm notice 2.0kB src/mySql/newTransaction.js
npm notice 228B src/mySql/pool/end.js
npm notice 265B src/mySql/pool/negotiatePoolOptions.js
npm notice 1.7kB src/mySql/pool/newGenericPool.js
npm notice 41B src/mySql/quote.js
npm notice 61B src/mySql/selectForUpdateSql.js
npm notice 387B src/mySql/wrapQuery.js
npm notice 44B src/newArray.js
npm notice 926B src/newCollection.js
npm notice 60B src/newId.js
npm notice 319B src/newImmutable.js
npm notice 65B src/newObject.js
npm notice 210B src/nodeSqlite/decodeBinary.js
npm notice 430B src/nodeSqlite/encodeBinary.js
npm notice 2.7kB src/nodeSqlite/newDatabase.js
npm notice 510B src/nodeSqlite/newPool.js
npm notice 2.3kB src/nodeSqlite/newTransaction.js
npm notice 1.3kB src/nodeSqlite/pool/newGenericPool.js
npm notice 771B src/nodeSqlite/wrapQuery.js
npm notice 374B src/oracle/deleteFromSql.js
npm notice 99B src/oracle/encodeBoolean.js
npm notice 174B src/oracle/encodeBuffer.js
npm notice 154B src/oracle/encodeDate.js
npm notice 251B src/oracle/formatBigintOut.js
npm notice 137B src/oracle/formatDateIn.js
npm notice 296B src/oracle/formatDateOut.js
npm notice 948B src/oracle/insert.js
npm notice 2.0kB src/oracle/insertSql.js
npm notice 378B src/oracle/lastInsertedSql.js
npm notice 373B src/oracle/limitAndOffset.js
npm notice 2.7kB src/oracle/mergeSql.js
npm notice 2.7kB src/oracle/newDatabase.js
npm notice 813B src/oracle/newInsertCommandCore.js
npm notice 502B src/oracle/newPool.js
npm notice 2.3kB src/oracle/newTransaction.js
npm notice 87B src/oracle/outputInsertedSql.js
npm notice 228B src/oracle/pool/end.js
npm notice 1.6kB src/oracle/pool/newGenericPool.js
npm notice 39B src/oracle/quote.js
npm notice 345B src/oracle/replaceParamChar.js
npm notice 121B src/oracle/selectForUpdateSql.js
npm notice 835B src/oracle/wrapQuery.js
npm notice 611B src/package-lock.json
npm notice 50B src/package.json
npm notice 397B src/patchRow.js
npm notice 11.8kB src/patchTable.js
npm notice 310B src/pg/deleteFromSql.js
npm notice 90B src/pg/encodeBoolean.js
npm notice 154B src/pg/encodeDate.js
npm notice 281B src/pg/encodeJSON.js
npm notice 182B src/pg/formatDateOut.js
npm notice 523B src/pg/insert.js
npm notice 2.5kB src/pg/insertSql.js
npm notice 301B src/pg/lastInsertedSql.js
npm notice 340B src/pg/limitAndOffset.js
npm notice 3.3kB src/pg/newDatabase.js
npm notice 487B src/pg/newPool.js
npm notice 2.0kB src/pg/newTransaction.js
npm notice 213B src/pg/pool/end.js
npm notice 2.7kB src/pg/pool/newPgPool.js
npm notice 296B src/pg/pool/parseSearchPathParam.js
npm notice 40B src/pg/quote.js
npm notice 344B src/pg/replaceParamChar.js
npm notice 283B src/pg/schema.js
npm notice 121B src/pg/selectForUpdateSql.js
npm notice 742B src/pg/wrapQuery.js
npm notice 2.3kB src/pglite.d.ts
npm notice 3.2kB src/pglite/newDatabase.js
npm notice 487B src/pglite/newPool.js
npm notice 2.0kB src/pglite/newTransaction.js
npm notice 228B src/pglite/pool/end.js
npm notice 2.6kB src/pglite/pool/newPgPool.js
npm notice 725B src/pglite/wrapQuery.js
npm notice 408B src/poolDefaults.js
npm notice 288B src/pools.js
npm notice 668B src/promisify.js
npm notice 328B src/query.js
npm notice 283B src/query/negotiateParameters.js
npm notice 348B src/query/negotiateSql.js
npm notice 384B src/query/wrapQuery.js
npm notice 915B src/rollup.config.browser.js
npm notice 900B src/rollup.config.server.js
npm notice 699B src/runtimes.js
npm notice 325B src/sap/deleteFromSql.js
npm notice 106B src/sap/encodeBigint.js
npm notice 99B src/sap/encodeBoolean.js
npm notice 174B src/sap/encodeBuffer.js
npm notice 105B src/sap/formatBigintIn.js
npm notice 277B src/sap/formatBigintOut.js
npm notice 254B src/sap/formatDateOut.js
npm notice 826B src/sap/insert.js
npm notice 1.8kB src/sap/insertSql.js
npm notice 325B src/sap/lastInsertedSql.js
npm notice 273B src/sap/limitAndOffset.js
npm notice 2.7kB src/sap/mergeSql.js
npm notice 2.7kB src/sap/newDatabase.js
npm notice 501B src/sap/newPool.js
npm notice 2.5kB src/sap/newTransaction.js
npm notice 228B src/sap/pool/end.js
npm notice 39B src/sap/quote.js
npm notice 121B src/sap/selectForUpdateSql.js
npm notice 374B src/sqlite/deleteFromSql.js
npm notice 99B src/sqlite/encodeBoolean.js
npm notice 174B src/sqlite/encodeBuffer.js
npm notice 260B src/sqlite/formatBigintOut.js
npm notice 826B src/sqlite/insert.js
npm notice 2.2kB src/sqlite/insertSql.js
npm notice 370B src/sqlite/lastInsertedSql.js
npm notice 339B src/sqlite/limitAndOffset.js
npm notice 228B src/sqlite/pool/end.js
npm notice 39B src/sqlite/quote.js
npm notice 139B src/sqlite/selectForUpdateSql.js
npm notice 174B src/sqlite3/encodeBuffer.js
npm notice 2.7kB src/sqlite3/newDatabase.js
npm notice 502B src/sqlite3/newPool.js
npm notice 2.2kB src/sqlite3/newTransaction.js
npm notice 228B src/sqlite3/pool/end.js
npm notice 1.4kB src/sqlite3/pool/newGenericPool.js
npm notice 501B src/sqlite3/wrapQuery.js
npm notice 5.4kB src/table.js
npm notice 143B src/table/aggregate.js
npm notice 458B src/table/begin.js
npm notice 363B src/table/cascadeDelete.js
npm notice 167B src/table/clearCache.js
npm notice 390B src/table/cloneStrategy.js
npm notice 3.2kB src/table/column.js
npm notice 503B src/table/column/bigint.js
npm notice 374B src/table/column/bigint/newDecode.js
npm notice 1.2kB src/table/column/bigint/newEncode.js
npm notice 315B src/table/column/binary.js
npm notice 540B src/table/column/binary/newDecode.js
npm notice 940B src/table/column/binary/newEncode.js
npm notice 270B src/table/column/binary/purify.js
npm notice 376B src/table/column/boolean.js
npm notice 194B src/table/column/boolean/newDecode.js
npm notice 1.1kB src/table/column/boolean/newEncode.js
npm notice 146B src/table/column/boolean/purify.js
npm notice 543B src/table/column/columnAggregate.js
npm notice 1.4kB src/table/column/columnAggregateGroup.js
npm notice 445B src/table/column/date.js
npm notice 427B src/table/column/date/formatOut.js
npm notice 439B src/table/column/date/newDecode.js
npm notice 1.5kB src/table/column/date/newEncode.js
npm notice 391B src/table/column/date/purify.js
npm notice 592B src/table/column/date/toISOString.js
npm notice 427B src/table/column/date/tryParseISO.js
npm notice 469B src/table/column/dateWithTimeZone.js
npm notice 479B src/table/column/dateWithTimeZone/formatOut.js
npm notice 875B src/table/column/dateWithTimeZone/newEncode.js
npm notice 197B src/table/column/encodeFilterArg.js
npm notice 518B src/table/column/equal.js
npm notice 156B src/table/column/extractAlias.js
npm notice 434B src/table/column/formatOutGeneric.js
npm notice 446B src/table/column/greaterThan.js
npm notice 461B src/table/column/greaterThanOrEqual.js
npm notice 307B src/table/column/guid.js
npm notice 166B src/table/column/guid/newDecode.js
npm notice 716B src/table/column/guid/newEncode.js
npm notice 311B src/table/column/guid/purify.js
npm notice 792B src/table/column/in.js
npm notice 647B src/table/column/json.js
npm notice 485B src/table/column/json/newDecode.js
npm notice 1.3kB src/table/column/json/newEncode.js
npm notice 101B src/table/column/json/purify.js
npm notice 453B src/table/column/lessThan.js
npm notice 454B src/table/column/lessThanOrEqual.js
npm notice 174B src/table/column/negotiateNextAndFilter.js
npm notice 196B src/table/column/negotiateNextOrFilter.js
npm notice 94B src/table/column/negotiateRawSqlFilter.js
npm notice 72B src/table/column/newBoolean.js
npm notice 3.4kB src/table/column/newColumn.js
npm notice 152B src/table/column/newDecodeCore.js
npm notice 529B src/table/column/notEqual.js
npm notice 395B src/table/column/numeric.js
npm notice 112B src/table/column/numeric/negotiateDefault.js
npm notice 336B src/table/column/numeric/newDecode.js
npm notice 587B src/table/column/numeric/newEncode.js
npm notice 290B src/table/column/numeric/purify.js
npm notice 1.8kB src/table/column/string.js
npm notice 141B src/table/column/string/contains.js
npm notice 574B src/table/column/string/containsCore.js
npm notice 140B src/table/column/string/endsWith.js
npm notice 568B src/table/column/string/endsWithCore.js
npm notice 142B src/table/column/string/iContains.js
npm notice 141B src/table/column/string/iEndsWith.js
npm notice 517B src/table/column/string/iEqual.js
npm notice 146B src/table/column/string/iStartsWith.js
npm notice 683B src/table/column/string/newEncode.js
npm notice 101B src/table/column/string/purify.js
npm notice 145B src/table/column/string/startsWith.js
npm notice 554B src/table/column/string/startsWithCore.js
npm notice 3.1kB src/table/column/utils.js
npm notice 330B src/table/commands/beginCommand.js
npm notice 201B src/table/commands/commitCommand.js
npm notice 770B src/table/commands/compressChanges.js
npm notice 131B src/table/commands/delete/createAlias.js
npm notice 730B src/table/commands/delete/newSingleCommand.js
npm notice 733B src/table/commands/delete/singleCommand/joinSql.js
npm notice 460B src/table/commands/delete/singleCommand/newSingleCommandCore.js
npm notice 507B src/table/commands/delete/singleCommand/selectSql.js
npm notice 683B src/table/commands/delete/singleCommand/subFilter.js
npm notice 763B src/table/commands/delete/singleCommand/whereSql.js
npm notice 176B src/table/commands/getChangeSet.js
npm notice 1.9kB src/table/commands/insert/getSqlTemplate.js
npm notice 319B src/table/commands/lastCommandMatches.js
npm notice 160B src/table/commands/negotiateEndEdit.js
npm notice 675B src/table/commands/newDeleteCommand.js
npm notice 1.2kB src/table/commands/newGetLastInsertedCommand.js
npm notice 1.9kB src/table/commands/newGetLastInsertedCommandCore.js
npm notice 1.4kB src/table/commands/newInsertAndForgetCommand.js
npm notice 1.6kB src/table/commands/newInsertCommand.js
npm notice 847B src/table/commands/newInsertCommandCore.js
npm notice 1.4kB src/table/commands/newRow.js
npm notice 1.9kB src/table/commands/newUpdateCommand.js
npm notice 1.3kB src/table/commands/newUpdateCommandCore.js
npm notice 264B src/table/commands/pushCommand.js
npm notice 234B src/table/commands/rollbackCommand.js
npm notice 983B src/table/commit.js
npm notice 991B src/table/count.js
npm notice 687B src/table/delete.js
npm notice 103B src/table/deleteSessionContext.js
npm notice 243B src/table/encodeDbSpecific.js
npm notice 438B src/table/executeQueries.js
npm notice 766B src/table/executeQueries/executeChanges.js
npm notice 284B src/table/executeQueries/executeQueriesCore.js
npm notice 202B src/table/executeQueries/executeQuery.js
npm notice 1.1kB src/table/executeQueries/resolveExecuteQuery.js
npm notice 190B src/table/extractDeleteStrategy.js
npm notice 309B src/table/fuzzyPromise.js
npm notice 867B src/table/getById.js
npm notice 188B src/table/getFirstFromDb.js
npm notice 497B src/table/getFromDbById.js
npm notice 439B src/table/getIdArgs.js
npm notice 967B src/table/getMany.js
npm notice 336B src/table/getManyDto.js
npm notice 617B src/table/getManyDto/newQuery.js
npm notice 212B src/table/getSessionCache.js
npm notice 295B src/table/getSessionContext.js
npm notice 162B src/table/getSessionSingleton.js
npm notice 1.7kB src/table/groupBy.js
npm notice 944B src/table/groupBy/newQuery.js
npm notice 628B src/table/hasMany.js
npm notice 626B src/table/hasOne.js
npm notice 1.9kB src/table/insert.js
npm notice 2.1kB src/table/insertDefault.js
npm notice 1.1kB src/table/join.js
npm notice 1.7kB src/table/joinRelation/getRelatives.js
npm notice 689B src/table/log.js
npm notice 415B src/table/negotiateAddStrategy.js
npm notice 355B src/table/negotiateExpandInverse.js
npm notice 1.9kB src/table/newCache.js
npm notice 559B src/table/newCascadeDeleteStrategy.js
npm notice 512B src/table/newGetRelated.js
npm notice 2.5kB src/table/newJoinRelation.js
npm notice 1.5kB src/table/newManyRelation.js
npm notice 1.5kB src/table/newOneRelation.js
npm notice 399B src/table/newPrimaryKeyFilter.js
npm notice 737B src/table/newQuery.js
npm notice 2.2kB src/table/newRelatedTable.js
npm notice 2.2kB src/table/newRowCache.js
npm notice 261B src/table/newThrow.js
npm notice 44B src/table/nullPromise.js
npm notice 105B src/table/objectToCallback.js
npm notice 1.3kB src/table/oneRelation/getRelatives.js
npm notice 476B src/table/popChanges.js
npm notice 180B src/table/promise.js
npm notice 1.3kB src/table/purifyStrategy.js
npm notice 155B src/table/query/extractFilter.js
npm notice 230B src/table/query/extractLimit.js
npm notice 783B src/table/query/extractLimitQuery.js
npm notice 255B src/table/query/extractOffset.js
npm notice 1.8kB src/table/query/extractOrderBy.js
npm notice 171B src/table/query/extractSql.js
npm notice 1.0kB src/table/query/newParameterized.js
npm notice 1.1kB src/table/query/newSingleQuery.js
npm notice 124B src/table/query/parameterized/extractParameters.js
npm notice 97B src/table/query/singleQuery/columnSql/joinLegToColumnSql.js
npm notice 99B src/table/query/singleQuery/columnSql/newJoinedColumnSql.js
npm notice 1.2kB src/table/query/singleQuery/columnSql/newShallowColumnSql.js
npm notice 839B src/table/query/singleQuery/columnSql/sharedJoinUtils.js
npm notice 274B src/table/query/singleQuery/joinSql/joinLegToJoinSql.js
npm notice 331B src/table/query/singleQuery/joinSql/joinLegToShallowJoinSql.js
npm notice 276B src/table/query/singleQuery/joinSql/newDiscriminatorSql.js
npm notice 540B src/table/query/singleQuery/joinSql/newShallowJoinSql.js
npm notice 970B src/table/query/singleQuery/joinSql/newShallowJoinSqlCore.js
npm notice 270B src/table/query/singleQuery/joinSql/oneLegToJoinSql.js
npm notice 363B src/table/query/singleQuery/joinSql/oneLegToShallowJoinSql.js
npm notice 324B src/table/query/singleQuery/negotiateExclusive.js
npm notice 161B src/table/query/singleQuery/negotiateLimit.js
npm notice 410B src/table/query/singleQuery/newColumnSql.js
npm notice 915B src/table/query/singleQuery/newDiscriminatorSql.js
npm notice 926B src/table/query/singleQuery/newJoinSql.js
npm notice 271B src/table/query/singleQuery/newQueryContext.js
npm notice 544B src/table/query/singleQuery/newWhereSql.js
npm notice 324B src/table/quote.js
npm notice 917B src/table/relatedTable/aggregate.js
npm notice 1.1kB src/table/relatedTable/aggregate/aggregateJoinSql.js
npm notice 1.1kB src/table/relatedTable/aggregate/joinSql.js
npm notice 647B src/table/relatedTable/all.js
npm notice 2.2kB src/table/relatedTable/any.js
npm notice 2.3kB src/table/relatedTable/childColumn.js
npm notice 698B src/table/relatedTable/columnAggregate.js
npm notice 2.3kB src/table/relatedTable/columnAggregateGroup.js
npm notice 1.2kB src/table/relatedTable/joinSql.js
npm notice 890B src/table/relatedTable/joinSqlArray.js
npm notice 513B src/table/relatedTable/none.js
npm notice 2.1kB src/table/relatedTable/relatedColumn.js
npm notice 542B src/table/relatedTable/relationFilter.js
npm notice 575B src/table/relatedTable/selectSql.js
npm notice 574B src/table/relatedTable/subFilter.js
npm notice 1.1kB src/table/relatedTable/where.js
npm notice 1.4kB src/table/relatedTable/whereSql.js
npm notice 409B src/table/relation/manyCache/extractParentKey.js
npm notice 349B src/table/relation/manyCache/synchronizeAdded.js
npm notice 731B src/table/relation/manyCache/synchronizeChanged.js
npm notice 359B src/table/relation/manyCache/synchronizeRemoved.js
npm notice 171B src/table/relation/newExpanderCache.js
npm notice 500B src/table/relation/newForeignKeyFilter.js
npm notice 532B src/table/relation/newJoinLeg.js
npm notice 1.8kB src/table/relation/newManyCache.js
npm notice 1.1kB src/table/relation/newManyCacheCore.js
npm notice 280B src/table/relation/newManyLeg.js
npm notice 596B src/table/relation/newOneCache.js
npm notice 586B src/table/relation/newOneLeg.js
npm notice 373B src/table/releaseDbClient.js
npm notice 105B src/table/resultToPromise.js
npm notice 777B src/table/resultToRows.js
npm notice 320B src/table/resultToRows/dbRowsToRows.js
npm notice 922B src/table/resultToRows/dbRowToRow.js
npm notice 634B src/table/resultToRows/decodeDbRow.js
npm notice 1.1kB src/table/resultToRows/delete.js
npm notice 639B src/table/resultToRows/delete/removeFromCache.js
npm notice 138B src/table/resultToRows/negotiateQueryContext.js
npm notice 7.2kB src/table/resultToRows/newDecodeDbRow.js
npm notice 2.9kB src/table/resultToRows/toDto.js
npm notice 375B src/table/resultToRows/toDto/createDto.js
npm notice 740B src/table/resultToRows/toDto/extractStrategy.js
npm notice 1.3kB src/table/rollback.js
npm notice 1.2kB src/table/rowArray.js
npm notice 153B src/table/rowArray/negotiateNextTick.js
npm notice 993B src/table/rowArray/orderBy.js
npm notice 220B src/table/setSessionCache.js
npm notice 213B src/table/setSessionSingleton.js
npm notice 1.5kB src/table/strategyToSpan.js
npm notice 405B src/table/tryGetById.js
npm notice 551B src/table/tryGetFirstFromDb.js
npm notice 282B src/table/tryGetFromCacheById.js
npm notice 707B src/table/tryGetFromDbById.js
npm notice 223B src/table/tryGetFromDbById/extractStrategy.js
npm notice 118B src/table/tryGetSessionContext.js
npm notice 210B src/table/tryReleaseDbClient.js
npm notice 411B src/table/updateField.js
npm notice 281B src/table/where.js
npm notice 324B src/tedious/deleteFromSql.js
npm notice 99B src/tedious/encodeBoolean.js
npm notice 174B src/tedious/encodeBuffer.js
npm notice 276B src/tedious/formatBigintOut.js
npm notice 256B src/tedious/formatDateOut.js
npm notice 442B src/tedious/formatDateTzOut.js
npm notice 189B src/tedious/formatJSONOut.js
npm notice 970B src/tedious/getManyDto.js
npm notice 209B src/tedious/getManyDto/newQuery.js
npm notice 789B src/tedious/getManyDto/newQueryCore.js
npm notice 882B src/tedious/getManyDto/query/newSingleQuery.js
npm notice 942B src/tedious/getManyDto/query/newSubQueries.js
npm notice 707B src/tedious/getManyDto/query/newSubQueries/joinLegToQuery.js
npm notice 688B src/tedious/getManyDto/query/newSubQueries/manyLegToQuery.js
npm notice 909B src/tedious/getManyDto/query/newSubQueries/oneLegToQuery.js
npm notice 981B src/tedious/getManyDto/query/singleQuery/newShallowColumnSql.js
npm notice 528B src/tedious/insert.js
npm notice 1.8kB src/tedious/insertSql.js
npm notice 286B src/tedious/limitAndOffset.js
npm notice 2.7kB src/tedious/mergeSql.js
npm notice 2.7kB src/tedious/newDatabase.js
npm notice 502B src/tedious/newPool.js
npm notice 2.5kB src/tedious/newTransaction.js
npm notice 436B src/tedious/outputInsertedSql.js
npm notice 228B src/tedious/pool/end.js
npm notice 1.8kB src/tedious/pool/newGenericPool.js
npm notice 1.0kB src/tedious/pool/parseConnectionString.js
npm notice 39B src/tedious/quote.js
npm notice 121B src/tedious/selectForUpdateSql.js
npm notice 4.7kB src/tedious/wrapQuery.js
npm notice 974B src/toCompareObject.js
npm notice 1.5kB src/validateDeleteAllowed.js
npm notice 3.0kB src/validateDeleteConflict.js
npm notice 359B vitest.config.js
npm notice Tarball Details
npm notice name: @lroal/orange-orm
npm notice version: 4.7.15-beta.0
npm notice filename: lroal-orange-orm-4.7.15-beta.0.tgz
npm notice package size: 815.2 kB
npm notice unpacked size: 2.6 MB
npm notice shasum: fe6373b2b664f060e4fb15427d13f2e3014198be
npm notice integrity: sha512-O13S4qOJ8i8PT[...]EEG+7t2TqCbNA==
npm notice total files: 480
npm notice
npm notice Publishing to https://registry.npmjs.org/ with tag latest and public access
npm http fetch PUT 403 https://registry.npmjs.org/@lroal%2forange-orm 704ms
npm verbose stack HttpErrorGeneral: 403 Forbidden - PUT https://registry.npmjs.org/@lroal%2forange-orm
npm verbose stack     at /usr/local/lib/node_modules/npm/node_modules/npm-registry-fetch/lib/check-response.js:103:15
npm verbose stack     at process.processTicksAndRejections (node:internal/process/task_queues:105:5)
npm verbose stack     at async publish (/usr/local/lib/node_modules/npm/node_modules/libnpmpublish/lib/publish.js:53:15)
npm verbose stack     at async otplease (/usr/local/lib/node_modules/npm/lib/utils/auth.js:8:12)
npm verbose stack     at async #publish (/usr/local/lib/node_modules/npm/lib/commands/publish.js:162:7)
npm verbose stack     at async Publish.exec (/usr/local/lib/node_modules/npm/lib/commands/publish.js:46:5)
npm verbose stack     at async Npm.exec (/usr/local/lib/node_modules/npm/lib/npm.js:207:9)
npm verbose stack     at async module.exports (/usr/local/lib/node_modules/npm/lib/cli/entry.js:74:5)
npm verbose statusCode 403
npm verbose pkgid @lroal/orange-orm@4.7.15-beta.0
npm error code E403
npm error 403 403 Forbidden - PUT https://registry.npmjs.org/@lroal%2forange-orm
npm error 403 In most cases, you or one of your dependencies are requesting
npm error 403 a package version that is forbidden by your security policy, or
npm error 403 on a server you do not have access to.
npm verbose cwd /workspace
npm verbose os Linux 6.6.87.2-microsoft-standard-WSL2
npm verbose node v22.13.1
npm verbose npm  v10.9.2
npm verbose exit 1
npm verbose code 1
npm error A complete log of this run can be found in: /home/node/.npm/_logs/2025-09-30T09_32_55_960Z-debug-0.log
